-------------------------------------------------------------------------------
Test set: test_runner.Test_runner
-------------------------------------------------------------------------------
Tests run: 1, Failures: 0, Errors: 1, Skipped: 0, Time elapsed: 0.165 s <<< FAILURE! -- in test_runner.Test_runner
Login.Login multiple times -- Time elapsed: 0.043 s <<< ERROR!
io.cucumber.junit.UndefinedStepException: 
The step 'the user opens the website' and 3 other step(s) are undefined.
You can implement these steps using the snippet(s) below:

@Given("the user opens the website")
public void the_user_opens_the_website() {
    // Write code here that turns the phrase above into concrete actions
    throw new io.cucumber.java.PendingException();
}
@When("the user enters username {string} and password {string}")
public void the_user_enters_username_and_password(String string, String string2) {
    // Write code here that turns the phrase above into concrete actions
    throw new io.cucumber.java.PendingException();
}
@When("the user clicks on the login button")
public void the_user_clicks_on_the_login_button() {
    // Write code here that turns the phrase above into concrete actions
    throw new io.cucumber.java.PendingException();
}
@Then("user should see the welcome message")
public void user_should_see_the_welcome_message() {
    // Write code here that turns the phrase above into concrete actions
    throw new io.cucumber.java.PendingException();
}


